<?xml version="1.0" encoding="UTF-8"?>
<!-- Generated by org.testng.reporters.JUnitXMLReporter -->
<testsuite hostname="LAPTOP-11A8UUP1" name="Test" tests="4" failures="0" timestamp="30 Jun 2021 15:23:26 GMT" time="0.088" errors="0">
  <testcase name="Class2" time="0.024" classname="project1.mavenproject.Test_NG_3"/>
  <testcase name="Class3" time="0.008" classname="project1.mavenproject.Test_NG_3"/>
  <testcase name="test1" time="0.008" classname="project1.mavenproject.TestNG_1"/>
  <testcase name="test2" time="0.0" classname="project1.mavenproject.TestNG_1"/>
</testsuite> <!-- Test -->
